[2023-01-12 22:12:16,447] INFO [discord.client.run:712] Cleaning up tasks.
[2023-01-12 22:12:16,447] INFO [discord.client._cleanup_loop:111] Closing the event loop.
[2023-01-12 22:13:14,136] INFO [discord.client.login:512] logging in using static token
[2023-01-12 22:13:14,693] INFO [discord.gateway.identify:430] Shard ID None has sent the IDENTIFY payload.
[2023-01-12 22:13:14,913] INFO [discord.gateway.received_message:524] Shard ID None has connected to Gateway: ["gateway-prd-us-east1-d-7lzr",{"micros":76073,"calls":["id_created",{"micros":1254,"calls":[]},"session_lookup_time",{"micros":382,"calls":[]},"session_lookup_finished",{"micros":13,"calls":[]},"discord-sessions-blue-prd-2-3",{"micros":73347,"calls":["start_session",{"micros":50782,"calls":["discord-api-5b945b9f5f-9hjb4",{"micros":45334,"calls":["get_user",{"micros":13149},"get_guilds",{"micros":3249},"send_scheduled_deletion_message",{"micros":11},"guild_join_requests",{"micros":843},"authorized_ip_coro",{"micros":13}]}]},"starting_guild_connect",{"micros":52,"calls":[]},"presence_started",{"micros":13034,"calls":[]},"guilds_started",{"micros":76,"calls":[]},"guilds_connect",{"micros":1,"calls":[]},"presence_connect",{"micros":9351,"calls":[]},"connect_finished",{"micros":9356,"calls":[]},"build_ready",{"micros":22,"calls":[]},"optimize_ready",{"micros":0,"calls":[]},"split_ready",{"micros":23,"calls":[]},"clean_ready",{"micros":0,"calls":[]}]}]}] (Session ID: b966be5172f038cf66fc15e39e386b83).
[2023-01-12 22:31:20,346] INFO [discord.client.run:709] Received signal to terminate bot and event loop.
[2023-01-12 22:31:20,346] INFO [discord.client.run:712] Cleaning up tasks.
[2023-01-12 22:31:20,346] INFO [discord.client._cancel_tasks:86] Cleaning up after 1 tasks.
[2023-01-12 22:31:20,490] INFO [discord.client._cancel_tasks:91] All tasks finished cancelling.
[2023-01-12 22:31:20,490] INFO [discord.client._cleanup_loop:111] Closing the event loop.
[2023-01-12 22:36:40,147] INFO [discord.client.login:512] logging in using static token
[2023-01-12 22:36:40,737] INFO [discord.gateway.identify:430] Shard ID None has sent the IDENTIFY payload.
[2023-01-12 22:36:41,068] INFO [discord.gateway.received_message:524] Shard ID None has connected to Gateway: ["gateway-prd-us-east1-d-jb7z",{"micros":190002,"calls":["id_created",{"micros":1885,"calls":[]},"session_lookup_time",{"micros":447,"calls":[]},"session_lookup_finished",{"micros":20,"calls":[]},"discord-sessions-blue-prd-2-138",{"micros":186860,"calls":["start_session",{"micros":163827,"calls":["discord-api-5b945b9f5f-jjbf5",{"micros":158994,"calls":["get_user",{"micros":30111},"get_guilds",{"micros":14418},"send_scheduled_deletion_message",{"micros":12},"guild_join_requests",{"micros":3},"authorized_ip_coro",{"micros":11}]}]},"starting_guild_connect",{"micros":66,"calls":[]},"presence_started",{"micros":358,"calls":[]},"guilds_started",{"micros":105,"calls":[]},"guilds_connect",{"micros":1,"calls":[]},"presence_connect",{"micros":22448,"calls":[]},"connect_finished",{"micros":22453,"calls":[]},"build_ready",{"micros":22,"calls":[]},"optimize_ready",{"micros":1,"calls":[]},"split_ready",{"micros":25,"calls":[]},"clean_ready",{"micros":0,"calls":[]}]}]}] (Session ID: 6fc2afd41dfe4583b4f6ba54be7896a6).
[2023-01-12 22:37:57,941] INFO [discord.client.run:709] Received signal to terminate bot and event loop.
[2023-01-12 22:37:57,941] INFO [discord.client.run:712] Cleaning up tasks.
[2023-01-12 22:37:57,941] INFO [discord.client._cancel_tasks:86] Cleaning up after 1 tasks.
[2023-01-12 22:37:58,086] INFO [discord.client._cancel_tasks:91] All tasks finished cancelling.
[2023-01-12 22:37:58,086] INFO [discord.client._cleanup_loop:111] Closing the event loop.
[2023-01-12 22:40:28,058] INFO [discord.client.login:512] logging in using static token
[2023-01-12 22:40:28,600] INFO [discord.gateway.identify:430] Shard ID None has sent the IDENTIFY payload.
[2023-01-12 22:40:28,915] INFO [discord.gateway.received_message:524] Shard ID None has connected to Gateway: ["gateway-prd-us-east1-c-1tsl",{"micros":173635,"calls":["id_created",{"micros":1614,"calls":[]},"session_lookup_time",{"micros":297,"calls":[]},"session_lookup_finished",{"micros":11,"calls":[]},"discord-sessions-blue-prd-2-101",{"micros":170446,"calls":["start_session",{"micros":88219,"calls":["discord-api-5b945b9f5f-lljlv",{"micros":82309,"calls":["get_user",{"micros":25029},"get_guilds",{"micros":9583},"send_scheduled_deletion_message",{"micros":12},"guild_join_requests",{"micros":1698},"authorized_ip_coro",{"micros":14}]}]},"starting_guild_connect",{"micros":62,"calls":[]},"presence_started",{"micros":7961,"calls":[]},"guilds_started",{"micros":70,"calls":[]},"guilds_connect",{"micros":2,"calls":[]},"presence_connect",{"micros":74086,"calls":[]},"connect_finished",{"micros":74091,"calls":[]},"build_ready",{"micros":20,"calls":[]},"optimize_ready",{"micros":1,"calls":[]},"split_ready",{"micros":19,"calls":[]},"clean_ready",{"micros":1,"calls":[]}]}]}] (Session ID: 85f0ac2d91476559022e39858990b924).
[2023-01-12 22:46:49,469] INFO [discord.client.run:709] Received signal to terminate bot and event loop.
[2023-01-12 22:46:49,469] INFO [discord.client.run:712] Cleaning up tasks.
[2023-01-12 22:46:49,469] INFO [discord.client._cancel_tasks:86] Cleaning up after 1 tasks.
[2023-01-12 22:46:49,610] INFO [discord.client._cancel_tasks:91] All tasks finished cancelling.
[2023-01-12 22:46:49,610] INFO [discord.client._cleanup_loop:111] Closing the event loop.
[2023-01-12 22:46:57,310] INFO [discord.client.login:512] logging in using static token
[2023-01-12 22:46:57,846] INFO [discord.gateway.identify:430] Shard ID None has sent the IDENTIFY payload.
[2023-01-12 22:46:58,094] INFO [discord.gateway.received_message:524] Shard ID None has connected to Gateway: ["gateway-prd-us-east1-c-10js",{"micros":105815,"calls":["id_created",{"micros":1374,"calls":[]},"session_lookup_time",{"micros":315,"calls":[]},"session_lookup_finished",{"micros":28,"calls":[]},"discord-sessions-blue-prd-2-59",{"micros":103502,"calls":["start_session",{"micros":51349,"calls":["discord-api-5b945b9f5f-txwsd",{"micros":45887,"calls":["get_user",{"micros":12444},"get_guilds",{"micros":5677},"send_scheduled_deletion_message",{"micros":11},"guild_join_requests",{"micros":138},"authorized_ip_coro",{"micros":10}]}]},"starting_guild_connect",{"micros":57,"calls":[]},"presence_started",{"micros":21647,"calls":[]},"guilds_started",{"micros":82,"calls":[]},"guilds_connect",{"micros":1,"calls":[]},"presence_connect",{"micros":30319,"calls":[]},"connect_finished",{"micros":30324,"calls":[]},"build_ready",{"micros":20,"calls":[]},"optimize_ready",{"micros":20,"calls":[]},"split_ready",{"micros":1,"calls":[]},"clean_ready",{"micros":0,"calls":[]}]}]}] (Session ID: 73be395b23cdbbf499f546bdbd1afe68).
[2023-01-12 22:55:36,396] INFO [discord.client.run:709] Received signal to terminate bot and event loop.
[2023-01-12 22:55:36,397] INFO [discord.client.run:712] Cleaning up tasks.
[2023-01-12 22:55:36,397] INFO [discord.client._cancel_tasks:86] Cleaning up after 1 tasks.
[2023-01-12 22:55:36,542] INFO [discord.client._cancel_tasks:91] All tasks finished cancelling.
[2023-01-12 22:55:36,542] INFO [discord.client._cleanup_loop:111] Closing the event loop.
[2023-01-12 23:06:36,896] INFO [discord.client.login:512] logging in using static token
[2023-01-12 23:06:37,468] INFO [discord.gateway.identify:430] Shard ID None has sent the IDENTIFY payload.
[2023-01-12 23:06:37,769] INFO [discord.gateway.received_message:524] Shard ID None has connected to Gateway: ["gateway-prd-us-east1-c-57hf",{"micros":158091,"calls":["id_created",{"micros":1568,"calls":[]},"session_lookup_time",{"micros":339,"calls":[]},"session_lookup_finished",{"micros":11,"calls":[]},"discord-sessions-blue-prd-2-128",{"micros":155371,"calls":["start_session",{"micros":85586,"calls":["discord-api-5b945b9f5f-q6pzf",{"micros":76675,"calls":["get_user",{"micros":16620},"get_guilds",{"micros":8780},"send_scheduled_deletion_message",{"micros":9},"guild_join_requests",{"micros":1484},"authorized_ip_coro",{"micros":15}]}]},"starting_guild_connect",{"micros":76,"calls":[]},"presence_started",{"micros":39895,"calls":[]},"guilds_started",{"micros":119,"calls":[]},"guilds_connect",{"micros":2,"calls":[]},"presence_connect",{"micros":29638,"calls":[]},"connect_finished",{"micros":29643,"calls":[]},"build_ready",{"micros":22,"calls":[]},"optimize_ready",{"micros":0,"calls":[]},"split_ready",{"micros":2,"calls":[]},"clean_ready",{"micros":26,"calls":[]}]}]}] (Session ID: bed259d8111844c53542aea29dd33f2d).
[2023-01-12 23:07:09,147] INFO [discord.client.run:709] Received signal to terminate bot and event loop.
[2023-01-12 23:07:09,147] INFO [discord.client.run:712] Cleaning up tasks.
[2023-01-12 23:07:09,148] INFO [discord.client._cancel_tasks:86] Cleaning up after 1 tasks.
[2023-01-12 23:07:09,291] INFO [discord.client._cancel_tasks:91] All tasks finished cancelling.
[2023-01-12 23:07:09,291] INFO [discord.client._cleanup_loop:111] Closing the event loop.
[2023-01-12 23:08:31,667] INFO [discord.client.login:512] logging in using static token
[2023-01-12 23:08:32,180] INFO [discord.gateway.identify:430] Shard ID None has sent the IDENTIFY payload.
[2023-01-12 23:08:32,412] INFO [discord.gateway.received_message:524] Shard ID None has connected to Gateway: ["gateway-prd-us-east1-c-x0j0",{"micros":89284,"calls":["id_created",{"micros":2749,"calls":[]},"session_lookup_time",{"micros":1674,"calls":[]},"session_lookup_finished",{"micros":8,"calls":[]},"discord-sessions-blue-prd-2-5",{"micros":84204,"calls":["start_session",{"micros":42124,"calls":["discord-api-5b945b9f5f-gfbwj",{"micros":35244,"calls":["get_user",{"micros":10490},"get_guilds",{"micros":2397},"send_scheduled_deletion_message",{"micros":10},"guild_join_requests",{"micros":1000},"authorized_ip_coro",{"micros":11}]}]},"starting_guild_connect",{"micros":65,"calls":[]},"presence_started",{"micros":2361,"calls":[]},"guilds_started",{"micros":78,"calls":[]},"guilds_connect",{"micros":2,"calls":[]},"presence_connect",{"micros":39518,"calls":[]},"connect_finished",{"micros":39522,"calls":[]},"build_ready",{"micros":30,"calls":[]},"optimize_ready",{"micros":0,"calls":[]},"split_ready",{"micros":22,"calls":[]},"clean_ready",{"micros":0,"calls":[]}]}]}] (Session ID: fb8b54a9c4c64d68390d46bb8a42eb52).
[2023-01-12 23:09:35,972] WARNING [root.on_command_error:31] Ignoring exception in command free:
[2023-01-12 23:09:35,984] WARNING [root.on_command_error:32] 
Traceback (most recent call last):
  File "C:\Users\alex2\AppData\Local\Programs\Python\Python39\lib\site-packages\discord\ext\commands\core.py", line 178, in wrapped
    ret = await coro(*args, **kwargs)
  File "D:\PyCharm\projects\projects_and_games\epic_bot\cogs\usual.py", line 70, in free
    asyncio.get_event_loop().run_until_complete(self.updating(ctx))
  File "C:\Users\alex2\AppData\Local\Programs\Python\Python39\lib\asyncio\base_events.py", line 618, in run_until_complete
    self._check_running()
  File "C:\Users\alex2\AppData\Local\Programs\Python\Python39\lib\asyncio\base_events.py", line 578, in _check_running
    raise RuntimeError('This event loop is already running')
RuntimeError: This event loop is already running

[2023-01-12 23:09:45,579] INFO [discord.client.run:709] Received signal to terminate bot and event loop.
[2023-01-12 23:09:45,579] INFO [discord.client.run:712] Cleaning up tasks.
[2023-01-12 23:09:45,580] INFO [discord.client._cancel_tasks:86] Cleaning up after 1 tasks.
[2023-01-12 23:09:45,725] INFO [discord.client._cancel_tasks:91] All tasks finished cancelling.
[2023-01-12 23:09:45,726] INFO [discord.client._cleanup_loop:111] Closing the event loop.
[2023-01-12 23:10:43,808] INFO [discord.client.login:512] logging in using static token
[2023-01-12 23:10:44,312] INFO [discord.gateway.identify:430] Shard ID None has sent the IDENTIFY payload.
[2023-01-12 23:10:44,606] INFO [discord.gateway.received_message:524] Shard ID None has connected to Gateway: ["gateway-prd-us-east1-c-drx7",{"micros":152897,"calls":["id_created",{"micros":1105,"calls":[]},"session_lookup_time",{"micros":464,"calls":[]},"session_lookup_finished",{"micros":14,"calls":[]},"discord-sessions-blue-prd-2-80",{"micros":149988,"calls":["start_session",{"micros":74158,"calls":["discord-api-5b945b9f5f-bc7kw",{"micros":68966,"calls":["get_user",{"micros":11461},"get_guilds",{"micros":7973},"send_scheduled_deletion_message",{"micros":7},"guild_join_requests",{"micros":1},"authorized_ip_coro",{"micros":11}]}]},"starting_guild_connect",{"micros":53,"calls":[]},"presence_started",{"micros":23079,"calls":[]},"guilds_started",{"micros":101,"calls":[]},"guilds_connect",{"micros":1,"calls":[]},"presence_connect",{"micros":52538,"calls":[]},"connect_finished",{"micros":52543,"calls":[]},"build_ready",{"micros":18,"calls":[]},"optimize_ready",{"micros":0,"calls":[]},"split_ready",{"micros":34,"calls":[]},"clean_ready",{"micros":0,"calls":[]}]}]}] (Session ID: 6bb129dcf8d683d1292d641cfda0897e).
[2023-01-12 23:11:30,108] INFO [discord.client.run:709] Received signal to terminate bot and event loop.
[2023-01-12 23:11:30,108] INFO [discord.client.run:712] Cleaning up tasks.
[2023-01-12 23:11:30,108] INFO [discord.client._cancel_tasks:86] Cleaning up after 1 tasks.
[2023-01-12 23:11:30,249] INFO [discord.client._cancel_tasks:91] All tasks finished cancelling.
[2023-01-12 23:11:30,250] INFO [discord.client._cleanup_loop:111] Closing the event loop.
[2023-01-12 23:11:35,358] INFO [discord.client.login:512] logging in using static token
[2023-01-12 23:11:35,894] INFO [discord.gateway.identify:430] Shard ID None has sent the IDENTIFY payload.
[2023-01-12 23:11:36,242] INFO [discord.gateway.received_message:524] Shard ID None has connected to Gateway: ["gateway-prd-us-east1-b-vhwp",{"micros":202855,"calls":["id_created",{"micros":1304,"calls":[]},"session_lookup_time",{"micros":294,"calls":[]},"session_lookup_finished",{"micros":13,"calls":[]},"discord-sessions-blue-prd-2-79",{"micros":200705,"calls":["start_session",{"micros":162306,"calls":["discord-api-5b945b9f5f-wbjr5",{"micros":147729,"calls":["get_user",{"micros":49726},"get_guilds",{"micros":12527},"send_scheduled_deletion_message",{"micros":15},"guild_join_requests",{"micros":235},"authorized_ip_coro",{"micros":15}]}]},"starting_guild_connect",{"micros":50,"calls":[]},"presence_started",{"micros":1041,"calls":[]},"guilds_started",{"micros":80,"calls":[]},"guilds_connect",{"micros":1,"calls":[]},"presence_connect",{"micros":37176,"calls":[]},"connect_finished",{"micros":37181,"calls":[]},"build_ready",{"micros":19,"calls":[]},"optimize_ready",{"micros":1,"calls":[]},"split_ready",{"micros":0,"calls":[]},"clean_ready",{"micros":26,"calls":[]}]}]}] (Session ID: 9ddae9f7dec9151d42cf1560b106ce5a).
[2023-01-12 23:11:42,615] WARNING [root.on_command_error:31] Ignoring exception in command free:
[2023-01-12 23:11:42,635] WARNING [root.on_command_error:32] 
Traceback (most recent call last):
  File "C:\Users\alex2\AppData\Local\Programs\Python\Python39\lib\site-packages\discord\ext\commands\core.py", line 178, in wrapped
    ret = await coro(*args, **kwargs)
  File "D:\PyCharm\projects\projects_and_games\epic_bot\cogs\usual.py", line 70, in free
    await self.updating(ctx)
  File "C:\Users\alex2\AppData\Local\Programs\Python\Python39\lib\site-packages\discord\ext\tasks\__init__.py", line 303, in __call__
    return await self.coro(*args, **kwargs)
  File "D:\PyCharm\projects\projects_and_games\epic_bot\cogs\usual.py", line 74, in updating
    response = requests.get(url_2, headers={'User-Agent': UserAgent().chrome})
  File "C:\Users\alex2\AppData\Local\Programs\Python\Python39\lib\site-packages\requests\api.py", line 76, in get
    return request('get', url, params=params, **kwargs)
  File "C:\Users\alex2\AppData\Local\Programs\Python\Python39\lib\site-packages\requests\api.py", line 61, in request
    return session.request(method=method, url=url, **kwargs)
  File "C:\Users\alex2\AppData\Local\Programs\Python\Python39\lib\site-packages\requests\sessions.py", line 528, in request
    prep = self.prepare_request(req)
  File "C:\Users\alex2\AppData\Local\Programs\Python\Python39\lib\site-packages\requests\sessions.py", line 456, in prepare_request
    p.prepare(
  File "C:\Users\alex2\AppData\Local\Programs\Python\Python39\lib\site-packages\requests\models.py", line 316, in prepare
    self.prepare_url(url, params)
  File "C:\Users\alex2\AppData\Local\Programs\Python\Python39\lib\site-packages\requests\models.py", line 390, in prepare_url
    raise MissingSchema(error)
requests.exceptions.MissingSchema: Invalid URL 'None': No schema supplied. Perhaps you meant http://None?

[2023-01-12 23:11:51,147] INFO [discord.client.run:709] Received signal to terminate bot and event loop.
[2023-01-12 23:11:51,148] INFO [discord.client.run:712] Cleaning up tasks.
[2023-01-12 23:11:51,148] INFO [discord.client._cancel_tasks:86] Cleaning up after 1 tasks.
[2023-01-12 23:11:51,290] INFO [discord.client._cancel_tasks:91] All tasks finished cancelling.
[2023-01-12 23:11:51,291] INFO [discord.client._cleanup_loop:111] Closing the event loop.
[2023-01-12 23:13:38,855] INFO [discord.client.login:512] logging in using static token
[2023-01-12 23:13:39,385] INFO [discord.gateway.identify:430] Shard ID None has sent the IDENTIFY payload.
[2023-01-12 23:13:39,672] INFO [discord.gateway.received_message:524] Shard ID None has connected to Gateway: ["gateway-prd-us-east1-b-89n8",{"micros":142283,"calls":["id_created",{"micros":1496,"calls":[]},"session_lookup_time",{"micros":5120,"calls":[]},"session_lookup_finished",{"micros":11,"calls":[]},"discord-sessions-blue-prd-2-55",{"micros":134175,"calls":["start_session",{"micros":101663,"calls":["discord-api-5b945b9f5f-crh9g",{"micros":95485,"calls":["get_user",{"micros":19486},"get_guilds",{"micros":7494},"send_scheduled_deletion_message",{"micros":13},"guild_join_requests",{"micros":354},"authorized_ip_coro",{"micros":16}]}]},"starting_guild_connect",{"micros":44,"calls":[]},"presence_started",{"micros":337,"calls":[]},"guilds_started",{"micros":84,"calls":[]},"guilds_connect",{"micros":2,"calls":[]},"presence_connect",{"micros":31992,"calls":[]},"connect_finished",{"micros":31996,"calls":[]},"build_ready",{"micros":24,"calls":[]},"optimize_ready",{"micros":0,"calls":[]},"split_ready",{"micros":1,"calls":[]},"clean_ready",{"micros":24,"calls":[]}]}]}] (Session ID: aa1ac9769c1fb78b32fd2fe84d6102d0).
[2023-01-12 23:13:48,418] WARNING [root.on_command_error:31] Ignoring exception in command free:
[2023-01-12 23:13:48,420] WARNING [root.on_command_error:32] 
Traceback (most recent call last):
  File "C:\Users\alex2\AppData\Local\Programs\Python\Python39\lib\site-packages\discord\ext\commands\core.py", line 178, in wrapped
    ret = await coro(*args, **kwargs)
  File "D:\PyCharm\projects\projects_and_games\epic_bot\cogs\usual.py", line 70, in free
    await self.updating(ctx)
  File "C:\Users\alex2\AppData\Local\Programs\Python\Python39\lib\site-packages\discord\ext\tasks\__init__.py", line 303, in __call__
    return await self.coro(*args, **kwargs)
  File "D:\PyCharm\projects\projects_and_games\epic_bot\cogs\usual.py", line 74, in updating
    response = requests.get(url_2, headers={'User-Agent': UserAgent().chrome})
  File "C:\Users\alex2\AppData\Local\Programs\Python\Python39\lib\site-packages\requests\api.py", line 76, in get
    return request('get', url, params=params, **kwargs)
  File "C:\Users\alex2\AppData\Local\Programs\Python\Python39\lib\site-packages\requests\api.py", line 61, in request
    return session.request(method=method, url=url, **kwargs)
  File "C:\Users\alex2\AppData\Local\Programs\Python\Python39\lib\site-packages\requests\sessions.py", line 528, in request
    prep = self.prepare_request(req)
  File "C:\Users\alex2\AppData\Local\Programs\Python\Python39\lib\site-packages\requests\sessions.py", line 456, in prepare_request
    p.prepare(
  File "C:\Users\alex2\AppData\Local\Programs\Python\Python39\lib\site-packages\requests\models.py", line 316, in prepare
    self.prepare_url(url, params)
  File "C:\Users\alex2\AppData\Local\Programs\Python\Python39\lib\site-packages\requests\models.py", line 390, in prepare_url
    raise MissingSchema(error)
requests.exceptions.MissingSchema: Invalid URL 'None': No schema supplied. Perhaps you meant http://None?

[2023-01-12 23:13:52,125] INFO [discord.client.run:709] Received signal to terminate bot and event loop.
[2023-01-12 23:13:52,125] INFO [discord.client.run:712] Cleaning up tasks.
[2023-01-12 23:13:52,125] INFO [discord.client._cancel_tasks:86] Cleaning up after 1 tasks.
[2023-01-12 23:13:52,269] INFO [discord.client._cancel_tasks:91] All tasks finished cancelling.
[2023-01-12 23:13:52,269] INFO [discord.client._cleanup_loop:111] Closing the event loop.
[2023-01-12 23:14:23,666] INFO [discord.client.login:512] logging in using static token
[2023-01-12 23:14:24,192] INFO [discord.gateway.identify:430] Shard ID None has sent the IDENTIFY payload.
[2023-01-12 23:14:24,424] INFO [discord.gateway.received_message:524] Shard ID None has connected to Gateway: ["gateway-prd-us-east1-d-44km",{"micros":81952,"calls":["id_created",{"micros":1149,"calls":[]},"session_lookup_time",{"micros":346,"calls":[]},"session_lookup_finished",{"micros":23,"calls":[]},"discord-sessions-blue-prd-2-141",{"micros":79600,"calls":["start_session",{"micros":48129,"calls":["discord-api-5b945b9f5f-7jfgp",{"micros":42787,"calls":["get_user",{"micros":14336},"get_guilds",{"micros":3020},"send_scheduled_deletion_message",{"micros":10},"guild_join_requests",{"micros":511},"authorized_ip_coro",{"micros":11}]}]},"starting_guild_connect",{"micros":53,"calls":[]},"presence_started",{"micros":303,"calls":[]},"guilds_started",{"micros":67,"calls":[]},"guilds_connect",{"micros":2,"calls":[]},"presence_connect",{"micros":30991,"calls":[]},"connect_finished",{"micros":30997,"calls":[]},"build_ready",{"micros":23,"calls":[]},"optimize_ready",{"micros":1,"calls":[]},"split_ready",{"micros":25,"calls":[]},"clean_ready",{"micros":0,"calls":[]}]}]}] (Session ID: c5c412626315bc99512c3c5143fd1641).
[2023-01-12 23:14:27,732] INFO [discord.client.run:709] Received signal to terminate bot and event loop.
[2023-01-12 23:14:27,732] INFO [discord.client.run:712] Cleaning up tasks.
[2023-01-12 23:14:27,732] INFO [discord.client._cancel_tasks:86] Cleaning up after 1 tasks.
[2023-01-12 23:14:27,891] INFO [discord.client._cancel_tasks:91] All tasks finished cancelling.
[2023-01-12 23:14:27,891] INFO [discord.client._cleanup_loop:111] Closing the event loop.
[2023-01-12 23:15:27,531] INFO [discord.client.login:512] logging in using static token
[2023-01-12 23:15:28,055] INFO [discord.gateway.identify:430] Shard ID None has sent the IDENTIFY payload.
[2023-01-12 23:15:28,305] INFO [discord.gateway.received_message:524] Shard ID None has connected to Gateway: ["gateway-prd-us-east1-d-h3bd",{"micros":97875,"calls":["id_created",{"micros":1906,"calls":[]},"session_lookup_time",{"micros":290,"calls":[]},"session_lookup_finished",{"micros":19,"calls":[]},"discord-sessions-blue-prd-2-90",{"micros":95334,"calls":["start_session",{"micros":91980,"calls":["discord-api-5b945b9f5f-87qpg",{"micros":86745,"calls":["get_user",{"micros":21568},"get_guilds",{"micros":7603},"send_scheduled_deletion_message",{"micros":9},"guild_join_requests",{"micros":186},"authorized_ip_coro",{"micros":10}]}]},"starting_guild_connect",{"micros":56,"calls":[]},"presence_started",{"micros":219,"calls":[]},"guilds_started",{"micros":86,"calls":[]},"guilds_connect",{"micros":2,"calls":[]},"presence_connect",{"micros":2951,"calls":[]},"connect_finished",{"micros":2956,"calls":[]},"build_ready",{"micros":16,"calls":[]},"optimize_ready",{"micros":1,"calls":[]},"split_ready",{"micros":19,"calls":[]},"clean_ready",{"micros":0,"calls":[]}]}]}] (Session ID: 8500bb5023ca19810bb8fa8302fb8027).
[2023-01-12 23:15:30,580] INFO [discord.client.run:709] Received signal to terminate bot and event loop.
[2023-01-12 23:15:30,580] INFO [discord.client.run:712] Cleaning up tasks.
[2023-01-12 23:15:30,580] INFO [discord.client._cancel_tasks:86] Cleaning up after 1 tasks.
[2023-01-12 23:15:30,724] INFO [discord.client._cancel_tasks:91] All tasks finished cancelling.
[2023-01-12 23:15:30,724] INFO [discord.client._cleanup_loop:111] Closing the event loop.
[2023-01-12 23:24:18,878] INFO [discord.client.login:512] logging in using static token
[2023-01-12 23:24:19,387] INFO [discord.gateway.identify:430] Shard ID None has sent the IDENTIFY payload.
[2023-01-12 23:24:19,619] INFO [discord.gateway.received_message:524] Shard ID None has connected to Gateway: ["gateway-prd-us-east1-c-4sv5",{"micros":90757,"calls":["id_created",{"micros":821,"calls":[]},"session_lookup_time",{"micros":322,"calls":[]},"session_lookup_finished",{"micros":9,"calls":[]},"discord-sessions-blue-prd-2-173",{"micros":88491,"calls":["start_session",{"micros":77610,"calls":["discord-api-5b945b9f5f-tsqcg",{"micros":73141,"calls":["get_user",{"micros":20013},"get_guilds",{"micros":5834},"send_scheduled_deletion_message",{"micros":13},"guild_join_requests",{"micros":2},"authorized_ip_coro",{"micros":11}]}]},"starting_guild_connect",{"micros":59,"calls":[]},"presence_started",{"micros":299,"calls":[]},"guilds_started",{"micros":74,"calls":[]},"guilds_connect",{"micros":1,"calls":[]},"presence_connect",{"micros":10398,"calls":[]},"connect_finished",{"micros":10403,"calls":[]},"build_ready",{"micros":21,"calls":[]},"optimize_ready",{"micros":1,"calls":[]},"split_ready",{"micros":21,"calls":[]},"clean_ready",{"micros":1,"calls":[]}]}]}] (Session ID: 5febfbc0a7a410cba75eb7b609c5abdf).
[2023-01-12 23:24:59,399] INFO [discord.client.run:709] Received signal to terminate bot and event loop.
[2023-01-12 23:24:59,399] INFO [discord.client.run:712] Cleaning up tasks.
[2023-01-12 23:24:59,399] INFO [discord.client._cancel_tasks:86] Cleaning up after 1 tasks.
[2023-01-12 23:24:59,543] INFO [discord.client._cancel_tasks:91] All tasks finished cancelling.
[2023-01-12 23:24:59,544] INFO [discord.client._cleanup_loop:111] Closing the event loop.
[2023-01-12 23:25:13,344] INFO [discord.client.login:512] logging in using static token
[2023-01-12 23:25:13,923] INFO [discord.gateway.identify:430] Shard ID None has sent the IDENTIFY payload.
[2023-01-12 23:25:14,176] INFO [discord.gateway.received_message:524] Shard ID None has connected to Gateway: ["gateway-prd-us-east1-b-xj0p",{"micros":111267,"calls":["id_created",{"micros":1147,"calls":[]},"session_lookup_time",{"micros":342,"calls":[]},"session_lookup_finished",{"micros":12,"calls":[]},"discord-sessions-blue-prd-2-238",{"micros":108916,"calls":["start_session",{"micros":61401,"calls":["discord-api-5b945b9f5f-57ftw",{"micros":55428,"calls":["get_user",{"micros":11932},"get_guilds",{"micros":5744},"send_scheduled_deletion_message",{"micros":9},"guild_join_requests",{"micros":2},"authorized_ip_coro",{"micros":14}]}]},"starting_guild_connect",{"micros":51,"calls":[]},"presence_started",{"micros":544,"calls":[]},"guilds_started",{"micros":66,"calls":[]},"guilds_connect",{"micros":1,"calls":[]},"presence_connect",{"micros":46801,"calls":[]},"connect_finished",{"micros":46804,"calls":[]},"build_ready",{"micros":18,"calls":[]},"optimize_ready",{"micros":1,"calls":[]},"split_ready",{"micros":30,"calls":[]},"clean_ready",{"micros":0,"calls":[]}]}]}] (Session ID: d22e4b46dcc83f35ab4d72188ed992d2).
[2023-01-12 23:26:45,042] INFO [discord.voice_client.connect:380] Connecting to voice...
[2023-01-12 23:26:45,042] INFO [discord.voice_client.prepare_handshake:360] Starting voice handshake... (connection attempt 1)
[2023-01-12 23:26:45,330] INFO [discord.voice_client.finish_handshake:366] Voice handshake complete. Endpoint found russia1109.discord.media
[2023-01-12 23:26:45,489] INFO [discord.gateway.initial_connection:912] selected the voice protocol for use (xsalsa20_poly1305_lite)
[2023-01-12 23:26:45,500] INFO [discord.gateway.load_secret_key:930] received secret key for voice connection
[2023-01-12 23:26:45,851] WARNING [root.on_command_error:31] Ignoring exception in command play:
[2023-01-12 23:26:45,904] WARNING [root.on_command_error:32] 
Traceback (most recent call last):
  File "C:\Users\alex2\AppData\Local\Programs\Python\Python39\lib\site-packages\discord\ext\commands\core.py", line 178, in wrapped
    ret = await coro(*args, **kwargs)
  File "D:\PyCharm\projects\projects_and_games\epic_bot\cogs\music.py", line 264, in play
    self._play_song(client, state, video)
  File "D:\PyCharm\projects\projects_and_games\epic_bot\cogs\music.py", line 169, in _play_song
    discord.FFmpegPCMAudio(song.stream_url, before_options=FFMPEG_BEFORE_OPTS), volume=state.volume)
  File "C:\Users\alex2\AppData\Local\Programs\Python\Python39\lib\site-packages\discord\player.py", line 311, in __init__
    super().__init__(source, executable=executable, args=args, **subprocess_kwargs)
  File "C:\Users\alex2\AppData\Local\Programs\Python\Python39\lib\site-packages\discord\player.py", line 164, in __init__
    self._process: subprocess.Popen = self._spawn_process(args, **kwargs)
  File "C:\Users\alex2\AppData\Local\Programs\Python\Python39\lib\site-packages\discord\player.py", line 184, in _spawn_process
    raise ClientException(f"{executable} was not found.") from None
discord.errors.ClientException: ffmpeg was not found.

[2023-01-12 23:27:20,351] WARNING [root.on_command_error:31] Ignoring exception in command play:
[2023-01-12 23:27:20,370] WARNING [root.on_command_error:32] 
Traceback (most recent call last):
  File "C:\Users\alex2\AppData\Local\Programs\Python\Python39\lib\site-packages\discord\ext\commands\core.py", line 178, in wrapped
    ret = await coro(*args, **kwargs)
  File "D:\PyCharm\projects\projects_and_games\epic_bot\cogs\music.py", line 252, in play
    "Added to queue.", embed=video.get_embed())
  File "D:\PyCharm\projects\projects_and_games\epic_bot\video.py", line 45, in get_embed
    icon_url=self.requested_by.avatar_url)
AttributeError: 'Member' object has no attribute 'avatar_url'

[2023-01-12 23:27:27,439] INFO [discord.client.run:709] Received signal to terminate bot and event loop.
[2023-01-12 23:27:27,439] INFO [discord.client.run:712] Cleaning up tasks.
[2023-01-12 23:27:27,439] INFO [discord.client._cancel_tasks:86] Cleaning up after 3 tasks.
[2023-01-12 23:27:27,447] INFO [discord.voice_client.voice_disconnect:349] The voice handshake is being terminated for Channel ID 1027324335884615795 (Guild ID 1027324335381295235)
[2023-01-12 23:27:27,589] INFO [discord.client._cancel_tasks:91] All tasks finished cancelling.
[2023-01-12 23:27:27,590] INFO [discord.client._cleanup_loop:111] Closing the event loop.
[2023-01-12 23:30:02,903] INFO [discord.client.login:512] logging in using static token
[2023-01-12 23:30:03,458] INFO [discord.gateway.identify:430] Shard ID None has sent the IDENTIFY payload.
[2023-01-12 23:30:03,807] INFO [discord.gateway.received_message:524] Shard ID None has connected to Gateway: ["gateway-prd-us-east1-b-89n8",{"micros":205144,"calls":["id_created",{"micros":1592,"calls":[]},"session_lookup_time",{"micros":378,"calls":[]},"session_lookup_finished",{"micros":11,"calls":[]},"discord-sessions-blue-prd-2-22",{"micros":201992,"calls":["start_session",{"micros":166025,"calls":["discord-api-5b945b9f5f-hncth",{"micros":160149,"calls":["get_user",{"micros":17558},"get_guilds",{"micros":21600},"send_scheduled_deletion_message",{"micros":9},"guild_join_requests",{"micros":1},"authorized_ip_coro",{"micros":9}]}]},"starting_guild_connect",{"micros":58,"calls":[]},"presence_started",{"micros":339,"calls":[]},"guilds_started",{"micros":84,"calls":[]},"guilds_connect",{"micros":1,"calls":[]},"presence_connect",{"micros":35419,"calls":[]},"connect_finished",{"micros":35439,"calls":[]},"build_ready",{"micros":24,"calls":[]},"optimize_ready",{"micros":0,"calls":[]},"split_ready",{"micros":21,"calls":[]},"clean_ready",{"micros":0,"calls":[]}]}]}] (Session ID: 62153d4eb937dcffd709879ccf6707a4).
[2023-01-12 23:30:28,946] INFO [discord.voice_client.connect:380] Connecting to voice...
[2023-01-12 23:30:28,946] INFO [discord.voice_client.prepare_handshake:360] Starting voice handshake... (connection attempt 1)
[2023-01-12 23:30:29,229] INFO [discord.voice_client.finish_handshake:366] Voice handshake complete. Endpoint found russia1109.discord.media
[2023-01-12 23:30:29,375] INFO [discord.gateway.initial_connection:912] selected the voice protocol for use (xsalsa20_poly1305_lite)
[2023-01-12 23:30:29,382] INFO [discord.gateway.load_secret_key:930] received secret key for voice connection
[2023-01-12 23:30:30,142] WARNING [root.on_command_error:31] Ignoring exception in command play:
[2023-01-12 23:30:30,143] WARNING [root.on_command_error:32] 
Traceback (most recent call last):
  File "C:\Users\alex2\AppData\Local\Programs\Python\Python39\lib\site-packages\discord\ext\commands\core.py", line 178, in wrapped
    ret = await coro(*args, **kwargs)
  File "D:\PyCharm\projects\projects_and_games\epic_bot\cogs\music.py", line 264, in play
    self._play_song(client, state, video)
  File "D:\PyCharm\projects\projects_and_games\epic_bot\cogs\music.py", line 169, in _play_song
    discord.FFmpegPCMAudio(song.stream_url, before_options=FFMPEG_BEFORE_OPTS), volume=state.volume)
  File "C:\Users\alex2\AppData\Local\Programs\Python\Python39\lib\site-packages\discord\player.py", line 311, in __init__
    super().__init__(source, executable=executable, args=args, **subprocess_kwargs)
  File "C:\Users\alex2\AppData\Local\Programs\Python\Python39\lib\site-packages\discord\player.py", line 164, in __init__
    self._process: subprocess.Popen = self._spawn_process(args, **kwargs)
  File "C:\Users\alex2\AppData\Local\Programs\Python\Python39\lib\site-packages\discord\player.py", line 184, in _spawn_process
    raise ClientException(f"{executable} was not found.") from None
discord.errors.ClientException: ffmpeg was not found.

[2023-01-12 23:58:40,921] INFO [discord.client.run:709] Received signal to terminate bot and event loop.
[2023-01-12 23:58:40,921] INFO [discord.client.run:712] Cleaning up tasks.
[2023-01-12 23:58:40,921] INFO [discord.client._cancel_tasks:86] Cleaning up after 3 tasks.
[2023-01-12 23:58:40,933] INFO [discord.voice_client.voice_disconnect:349] The voice handshake is being terminated for Channel ID 1027324335884615795 (Guild ID 1027324335381295235)
[2023-01-12 23:58:41,078] INFO [discord.client._cancel_tasks:91] All tasks finished cancelling.
[2023-01-12 23:58:41,078] INFO [discord.client._cleanup_loop:111] Closing the event loop.
[2023-01-12 23:58:46,841] INFO [discord.client.login:512] logging in using static token
[2023-01-12 23:58:47,364] INFO [discord.gateway.identify:430] Shard ID None has sent the IDENTIFY payload.
[2023-01-12 23:58:47,579] INFO [discord.gateway.received_message:524] Shard ID None has connected to Gateway: ["gateway-prd-us-east1-b-kpjq",{"micros":66080,"calls":["id_created",{"micros":1279,"calls":[]},"session_lookup_time",{"micros":327,"calls":[]},"session_lookup_finished",{"micros":16,"calls":[]},"discord-sessions-blue-prd-2-259",{"micros":63315,"calls":["start_session",{"micros":43565,"calls":["discord-api-5b945b9f5f-hbcsd",{"micros":38274,"calls":["get_user",{"micros":10012},"get_guilds",{"micros":4221},"send_scheduled_deletion_message",{"micros":13},"guild_join_requests",{"micros":794},"authorized_ip_coro",{"micros":13}]}]},"starting_guild_connect",{"micros":62,"calls":[]},"presence_started",{"micros":278,"calls":[]},"guilds_started",{"micros":73,"calls":[]},"guilds_connect",{"micros":1,"calls":[]},"presence_connect",{"micros":19288,"calls":[]},"connect_finished",{"micros":19292,"calls":[]},"build_ready",{"micros":22,"calls":[]},"optimize_ready",{"micros":1,"calls":[]},"split_ready",{"micros":19,"calls":[]},"clean_ready",{"micros":1,"calls":[]}]}]}] (Session ID: 45dd523bd7d30e3c81b85c6ae43bd695).
[2023-01-12 23:59:04,607] INFO [discord.voice_client.connect:380] Connecting to voice...
[2023-01-12 23:59:04,607] INFO [discord.voice_client.prepare_handshake:360] Starting voice handshake... (connection attempt 1)
[2023-01-12 23:59:04,893] INFO [discord.voice_client.finish_handshake:366] Voice handshake complete. Endpoint found russia1109.discord.media
[2023-01-12 23:59:05,049] INFO [discord.gateway.initial_connection:912] selected the voice protocol for use (xsalsa20_poly1305_lite)
[2023-01-12 23:59:05,055] INFO [discord.gateway.load_secret_key:930] received secret key for voice connection
[2023-01-12 23:59:05,363] WARNING [root.on_command_error:31] Ignoring exception in command play:
[2023-01-12 23:59:05,365] WARNING [root.on_command_error:32] 
Traceback (most recent call last):
  File "C:\Users\alex2\AppData\Local\Programs\Python\Python39\lib\site-packages\discord\ext\commands\core.py", line 178, in wrapped
    ret = await coro(*args, **kwargs)
  File "D:\PyCharm\projects\projects_and_games\epic_bot\cogs\music.py", line 264, in play
    self._play_song(client, state, video)
  File "D:\PyCharm\projects\projects_and_games\epic_bot\cogs\music.py", line 169, in _play_song
    discord.FFmpegPCMAudio(song.stream_url, before_options=FFMPEG_BEFORE_OPTS), volume=state.volume)
  File "C:\Users\alex2\AppData\Local\Programs\Python\Python39\lib\site-packages\discord\player.py", line 311, in __init__
    super().__init__(source, executable=executable, args=args, **subprocess_kwargs)
  File "C:\Users\alex2\AppData\Local\Programs\Python\Python39\lib\site-packages\discord\player.py", line 164, in __init__
    self._process: subprocess.Popen = self._spawn_process(args, **kwargs)
  File "C:\Users\alex2\AppData\Local\Programs\Python\Python39\lib\site-packages\discord\player.py", line 184, in _spawn_process
    raise ClientException(f"{executable} was not found.") from None
discord.errors.ClientException: ffmpeg was not found.

[2023-01-13 00:00:42,913] INFO [discord.client.run:709] Received signal to terminate bot and event loop.
[2023-01-13 00:00:42,913] INFO [discord.client.run:712] Cleaning up tasks.
[2023-01-13 00:00:42,913] INFO [discord.client._cancel_tasks:86] Cleaning up after 3 tasks.
[2023-01-13 00:00:42,922] INFO [discord.voice_client.voice_disconnect:349] The voice handshake is being terminated for Channel ID 1027324335884615795 (Guild ID 1027324335381295235)
[2023-01-13 00:00:43,067] INFO [discord.client._cancel_tasks:91] All tasks finished cancelling.
[2023-01-13 00:00:43,067] INFO [discord.client._cleanup_loop:111] Closing the event loop.
[2023-01-13 00:00:48,512] INFO [discord.client.login:512] logging in using static token
[2023-01-13 00:00:49,024] INFO [discord.gateway.identify:430] Shard ID None has sent the IDENTIFY payload.
[2023-01-13 00:00:49,226] INFO [discord.gateway.received_message:524] Shard ID None has connected to Gateway: ["gateway-prd-us-east1-b-1rs7",{"micros":57399,"calls":["id_created",{"micros":1273,"calls":[]},"session_lookup_time",{"micros":293,"calls":[]},"session_lookup_finished",{"micros":14,"calls":[]},"discord-sessions-blue-prd-2-247",{"micros":55017,"calls":["start_session",{"micros":50217,"calls":["discord-api-5b945b9f5f-ntfdv",{"micros":44399,"calls":["get_user",{"micros":10401},"get_guilds",{"micros":5927},"send_scheduled_deletion_message",{"micros":13},"guild_join_requests",{"micros":2},"authorized_ip_coro",{"micros":12}]}]},"starting_guild_connect",{"micros":52,"calls":[]},"presence_started",{"micros":336,"calls":[]},"guilds_started",{"micros":83,"calls":[]},"guilds_connect",{"micros":1,"calls":[]},"presence_connect",{"micros":4275,"calls":[]},"connect_finished",{"micros":4280,"calls":[]},"build_ready",{"micros":18,"calls":[]},"optimize_ready",{"micros":1,"calls":[]},"split_ready",{"micros":22,"calls":[]},"clean_ready",{"micros":0,"calls":[]}]}]}] (Session ID: 0a38ff5b468fc56d786779e969b14768).
[2023-01-13 00:01:06,002] INFO [discord.voice_client.connect:380] Connecting to voice...
[2023-01-13 00:01:06,002] INFO [discord.voice_client.prepare_handshake:360] Starting voice handshake... (connection attempt 1)
[2023-01-13 00:01:06,281] INFO [discord.voice_client.finish_handshake:366] Voice handshake complete. Endpoint found russia1109.discord.media
[2023-01-13 00:01:06,426] INFO [discord.gateway.initial_connection:912] selected the voice protocol for use (xsalsa20_poly1305_lite)
[2023-01-13 00:01:06,432] INFO [discord.gateway.load_secret_key:930] received secret key for voice connection
[2023-01-13 00:01:07,981] WARNING [root.on_command_error:31] Ignoring exception in command play:
[2023-01-13 00:01:07,982] WARNING [root.on_command_error:32] 
Traceback (most recent call last):
  File "C:\Users\alex2\AppData\Local\Programs\Python\Python39\lib\site-packages\discord\ext\commands\core.py", line 178, in wrapped
    ret = await coro(*args, **kwargs)
  File "D:\PyCharm\projects\projects_and_games\epic_bot\cogs\music.py", line 265, in play
    message = await ctx.send("", embed=video.get_embed())
  File "D:\PyCharm\projects\projects_and_games\epic_bot\video.py", line 45, in get_embed
    icon_url=self.requested_by.avatar_url)
AttributeError: 'Member' object has no attribute 'avatar_url'

[2023-01-13 00:04:04,331] WARNING [root.on_command_error:31] Ignoring exception in command nowplaying:
[2023-01-13 00:04:04,332] WARNING [root.on_command_error:32] 
Traceback (most recent call last):
  File "C:\Users\alex2\AppData\Local\Programs\Python\Python39\lib\site-packages\discord\ext\commands\core.py", line 178, in wrapped
    ret = await coro(*args, **kwargs)
  File "D:\PyCharm\projects\projects_and_games\epic_bot\cogs\music.py", line 187, in nowplaying
    message = await ctx.send("", embed=state.now_playing.get_embed())
  File "D:\PyCharm\projects\projects_and_games\epic_bot\video.py", line 45, in get_embed
    icon_url=self.requested_by.avatar.url)
AttributeError: 'Member' object has no attribute 'avatar_url'

[2023-01-13 00:04:22,142] INFO [discord.player._kill_process:197] Preparing to terminate ffmpeg process 29256.
[2023-01-13 00:04:22,142] INFO [discord.player._kill_process:218] ffmpeg process 29256 successfully terminated with return code of 0.
[2023-01-13 00:04:22,143] INFO [discord.voice_client.voice_disconnect:349] The voice handshake is being terminated for Channel ID 1027324335884615795 (Guild ID 1027324335381295235)
[2023-01-13 00:04:22,143] INFO [discord.voice_client.poll_voice_ws:475] Disconnecting from voice normally, close code 1000.
[2023-01-13 00:04:35,991] INFO [discord.client.run:709] Received signal to terminate bot and event loop.
[2023-01-13 00:04:35,991] INFO [discord.client.run:712] Cleaning up tasks.
[2023-01-13 00:04:35,991] INFO [discord.client._cancel_tasks:86] Cleaning up after 1 tasks.
[2023-01-13 00:04:36,145] INFO [discord.client._cancel_tasks:91] All tasks finished cancelling.
[2023-01-13 00:04:36,146] INFO [discord.client._cleanup_loop:111] Closing the event loop.
[2023-01-13 00:04:41,783] INFO [discord.client.login:512] logging in using static token
[2023-01-13 00:04:42,447] INFO [discord.gateway.identify:430] Shard ID None has sent the IDENTIFY payload.
[2023-01-13 00:04:42,661] INFO [discord.gateway.received_message:524] Shard ID None has connected to Gateway: ["gateway-prd-us-east1-c-h2h5",{"micros":71198,"calls":["id_created",{"micros":1077,"calls":[]},"session_lookup_time",{"micros":3223,"calls":[]},"session_lookup_finished",{"micros":18,"calls":[]},"discord-sessions-blue-prd-2-293",{"micros":66622,"calls":["start_session",{"micros":62390,"calls":["discord-api-79d9697bd-mx8k8",{"micros":56670,"calls":["get_user",{"micros":8703},"get_guilds",{"micros":5431},"send_scheduled_deletion_message",{"micros":11},"guild_join_requests",{"micros":3951},"authorized_ip_coro",{"micros":14}]}]},"starting_guild_connect",{"micros":55,"calls":[]},"presence_started",{"micros":347,"calls":[]},"guilds_started",{"micros":75,"calls":[]},"guilds_connect",{"micros":1,"calls":[]},"presence_connect",{"micros":3715,"calls":[]},"connect_finished",{"micros":3719,"calls":[]},"build_ready",{"micros":15,"calls":[]},"optimize_ready",{"micros":0,"calls":[]},"split_ready",{"micros":1,"calls":[]},"clean_ready",{"micros":19,"calls":[]}]}]}] (Session ID: c9553ea304a222e21afd858cade6ad52).
[2023-01-13 00:05:06,311] INFO [discord.voice_client.connect:380] Connecting to voice...
[2023-01-13 00:05:06,311] INFO [discord.voice_client.prepare_handshake:360] Starting voice handshake... (connection attempt 1)
[2023-01-13 00:05:06,593] INFO [discord.voice_client.finish_handshake:366] Voice handshake complete. Endpoint found russia1109.discord.media
[2023-01-13 00:05:06,740] INFO [discord.gateway.initial_connection:912] selected the voice protocol for use (xsalsa20_poly1305_lite)
[2023-01-13 00:05:06,747] INFO [discord.gateway.load_secret_key:930] received secret key for voice connection
[2023-01-13 00:05:07,648] INFO [discord.player._kill_process:197] Preparing to terminate ffmpeg process 8572.
[2023-01-13 00:05:07,648] INFO [discord.player._kill_process:218] ffmpeg process 8572 successfully terminated with return code of 1.
[2023-01-13 00:05:07,649] INFO [discord.voice_client.voice_disconnect:349] The voice handshake is being terminated for Channel ID 1027324335884615795 (Guild ID 1027324335381295235)
[2023-01-13 00:05:07,649] INFO [discord.voice_client.poll_voice_ws:475] Disconnecting from voice normally, close code 1000.
[2023-01-13 00:05:09,158] INFO [root.play:267] Now playing 'Капитал - Ляпис Трубецкой (Cover by RADIO TAPOK)'
[2023-01-13 00:06:05,486] INFO [discord.voice_client.connect:380] Connecting to voice...
[2023-01-13 00:06:05,486] INFO [discord.voice_client.prepare_handshake:360] Starting voice handshake... (connection attempt 1)
[2023-01-13 00:06:05,785] INFO [discord.voice_client.finish_handshake:366] Voice handshake complete. Endpoint found russia1109.discord.media
[2023-01-13 00:06:05,934] INFO [discord.gateway.initial_connection:912] selected the voice protocol for use (xsalsa20_poly1305_lite)
[2023-01-13 00:06:05,940] INFO [discord.gateway.load_secret_key:930] received secret key for voice connection
[2023-01-13 00:06:08,472] INFO [root.play:267] Now playing 'Капитал - Ляпис Трубецкой (Cover by RADIO TAPOK)'
[2023-01-13 00:09:23,873] INFO [discord.player._kill_process:197] Preparing to terminate ffmpeg process 24192.
[2023-01-13 00:09:23,873] INFO [discord.player._kill_process:218] ffmpeg process 24192 successfully terminated with return code of 0.
[2023-01-13 00:09:23,874] INFO [discord.voice_client.voice_disconnect:349] The voice handshake is being terminated for Channel ID 1027324335884615795 (Guild ID 1027324335381295235)
[2023-01-13 00:09:23,875] INFO [discord.voice_client.poll_voice_ws:475] Disconnecting from voice normally, close code 1000.
[2023-01-13 00:09:55,254] INFO [discord.voice_client.connect:380] Connecting to voice...
[2023-01-13 00:09:55,254] INFO [discord.voice_client.prepare_handshake:360] Starting voice handshake... (connection attempt 1)
[2023-01-13 00:09:55,534] INFO [discord.voice_client.finish_handshake:366] Voice handshake complete. Endpoint found russia1109.discord.media
[2023-01-13 00:09:55,681] INFO [discord.gateway.initial_connection:912] selected the voice protocol for use (xsalsa20_poly1305_lite)
[2023-01-13 00:09:55,689] INFO [discord.gateway.load_secret_key:930] received secret key for voice connection
[2023-01-13 00:13:09,781] INFO [discord.voice_client.voice_disconnect:349] The voice handshake is being terminated for Channel ID 1027324335884615795 (Guild ID 1027324335381295235)
[2023-01-13 00:13:09,781] INFO [discord.voice_client.poll_voice_ws:475] Disconnecting from voice normally, close code 1000.
[2023-01-13 00:13:09,793] INFO [discord.player._kill_process:197] Preparing to terminate ffmpeg process 14564.
[2023-01-13 00:13:09,793] INFO [discord.player._kill_process:207] ffmpeg process 14564 has not terminated. Waiting to terminate...
[2023-01-13 00:13:09,815] INFO [discord.player._kill_process:212] ffmpeg process 14564 should have terminated with a return code of 1.
[2023-01-13 00:15:08,032] INFO [discord.client.run:709] Received signal to terminate bot and event loop.
[2023-01-13 00:15:08,032] INFO [discord.client.run:712] Cleaning up tasks.
[2023-01-13 00:15:08,032] INFO [discord.client._cancel_tasks:86] Cleaning up after 1 tasks.
[2023-01-13 00:15:08,180] INFO [discord.client._cancel_tasks:91] All tasks finished cancelling.
[2023-01-13 00:15:08,180] INFO [discord.client._cleanup_loop:111] Closing the event loop.
[2023-01-13 00:18:13,469] INFO [discord.client.login:512] logging in using static token
[2023-01-13 00:18:14,125] INFO [discord.gateway.identify:430] Shard ID None has sent the IDENTIFY payload.
[2023-01-13 00:18:14,374] INFO [discord.gateway.received_message:524] Shard ID None has connected to Gateway: ["gateway-prd-us-east1-c-5m3b",{"micros":101064,"calls":["id_created",{"micros":835,"calls":[]},"session_lookup_time",{"micros":315,"calls":[]},"session_lookup_finished",{"micros":8,"calls":[]},"discord-sessions-blue-prd-2-149",{"micros":99098,"calls":["start_session",{"micros":95677,"calls":["discord-api-79d9697bd-hb4vm",{"micros":64567,"calls":["get_user",{"micros":22279},"get_guilds",{"micros":7055},"send_scheduled_deletion_message",{"micros":11},"guild_join_requests",{"micros":168},"authorized_ip_coro",{"micros":14}]}]},"starting_guild_connect",{"micros":66,"calls":[]},"presence_started",{"micros":385,"calls":[]},"guilds_started",{"micros":84,"calls":[]},"guilds_connect",{"micros":2,"calls":[]},"presence_connect",{"micros":2840,"calls":[]},"connect_finished",{"micros":2845,"calls":[]},"build_ready",{"micros":19,"calls":[]},"optimize_ready",{"micros":0,"calls":[]},"split_ready",{"micros":20,"calls":[]},"clean_ready",{"micros":1,"calls":[]}]}]}] (Session ID: 4e159a4ac078e3ad889bace5f45bb5f7).
[2023-01-13 00:30:51,223] INFO [discord.voice_client.connect:380] Connecting to voice...
[2023-01-13 00:30:51,224] INFO [discord.voice_client.prepare_handshake:360] Starting voice handshake... (connection attempt 1)
[2023-01-13 00:30:51,930] INFO [discord.voice_client.finish_handshake:366] Voice handshake complete. Endpoint found russia1109.discord.media
[2023-01-13 00:30:52,087] INFO [discord.gateway.initial_connection:912] selected the voice protocol for use (xsalsa20_poly1305_lite)
[2023-01-13 00:30:52,093] INFO [discord.gateway.load_secret_key:930] received secret key for voice connection
[2023-01-13 00:30:54,591] INFO [root.play:267] Now playing 'Powerwolf - We Drink Your Blood (На русском / Cover by RADIO TAPOK)'
[2023-01-13 00:31:06,263] INFO [discord.player._kill_process:197] Preparing to terminate ffmpeg process 25672.
[2023-01-13 00:31:06,263] INFO [discord.player._kill_process:207] ffmpeg process 25672 has not terminated. Waiting to terminate...
[2023-01-13 00:31:06,264] INFO [discord.voice_client.voice_disconnect:349] The voice handshake is being terminated for Channel ID 1027324335884615795 (Guild ID 1027324335381295235)
[2023-01-13 00:31:06,264] INFO [discord.voice_client.poll_voice_ws:475] Disconnecting from voice normally, close code 1000.
[2023-01-13 00:31:06,282] INFO [discord.player._kill_process:212] ffmpeg process 25672 should have terminated with a return code of 1.
[2023-01-13 00:39:50,324] INFO [discord.client.run:709] Received signal to terminate bot and event loop.
[2023-01-13 00:39:50,324] INFO [discord.client.run:712] Cleaning up tasks.
[2023-01-13 00:39:50,324] INFO [discord.client._cancel_tasks:86] Cleaning up after 1 tasks.
[2023-01-13 00:39:50,468] INFO [discord.client._cancel_tasks:91] All tasks finished cancelling.
[2023-01-13 00:39:50,468] INFO [discord.client._cleanup_loop:111] Closing the event loop.
[2023-01-13 00:40:42,512] INFO [discord.client.login:512] logging in using static token
[2023-01-13 00:40:43,071] INFO [discord.gateway.identify:430] Shard ID None has sent the IDENTIFY payload.
[2023-01-13 00:40:43,329] INFO [discord.gateway.received_message:524] Shard ID None has connected to Gateway: ["gateway-prd-us-east1-c-br3f",{"micros":115810,"calls":["id_created",{"micros":2218,"calls":[]},"session_lookup_time",{"micros":411,"calls":[]},"session_lookup_finished",{"micros":8,"calls":[]},"discord-sessions-blue-prd-2-56",{"micros":112750,"calls":["start_session",{"micros":50725,"calls":["discord-api-5cb784867c-nnpg7",{"micros":44497,"calls":["get_user",{"micros":13368},"get_guilds",{"micros":4010},"send_scheduled_deletion_message",{"micros":13},"guild_join_requests",{"micros":803},"authorized_ip_coro",{"micros":18}]}]},"starting_guild_connect",{"micros":52,"calls":[]},"presence_started",{"micros":19951,"calls":[]},"guilds_started",{"micros":133,"calls":[]},"guilds_connect",{"micros":2,"calls":[]},"presence_connect",{"micros":41857,"calls":[]},"connect_finished",{"micros":41861,"calls":[]},"build_ready",{"micros":26,"calls":[]},"optimize_ready",{"micros":0,"calls":[]},"split_ready",{"micros":1,"calls":[]},"clean_ready",{"micros":0,"calls":[]}]}]}] (Session ID: edfb48513638e7176ccfc55076070930).
[2023-01-13 00:42:35,447] INFO [discord.voice_client.connect:380] Connecting to voice...
[2023-01-13 00:42:35,447] INFO [discord.voice_client.prepare_handshake:360] Starting voice handshake... (connection attempt 1)
[2023-01-13 00:42:35,748] INFO [discord.voice_client.finish_handshake:366] Voice handshake complete. Endpoint found russia6885.discord.media
[2023-01-13 00:42:35,900] INFO [discord.gateway.initial_connection:912] selected the voice protocol for use (xsalsa20_poly1305_lite)
[2023-01-13 00:42:35,906] INFO [discord.gateway.load_secret_key:930] received secret key for voice connection
[2023-01-13 00:42:38,370] INFO [root.play:267] Now playing 'Проклятый старый дом - Король и Шут'
[2023-01-13 00:45:08,883] INFO [discord.player._kill_process:197] Preparing to terminate ffmpeg process 6572.
[2023-01-13 00:45:08,883] INFO [discord.player._kill_process:207] ffmpeg process 6572 has not terminated. Waiting to terminate...
[2023-01-13 00:45:08,901] INFO [discord.player._kill_process:212] ffmpeg process 6572 should have terminated with a return code of 1.
[2023-01-13 00:49:35,021] INFO [discord.player._kill_process:197] Preparing to terminate ffmpeg process 11472.
[2023-01-13 00:49:35,022] INFO [discord.player._kill_process:218] ffmpeg process 11472 successfully terminated with return code of 0.
[2023-01-13 00:49:35,023] INFO [discord.voice_client.voice_disconnect:349] The voice handshake is being terminated for Channel ID 1063209198860640266 (Guild ID 1063209197845622804)
[2023-01-13 00:49:35,024] INFO [discord.voice_client.poll_voice_ws:475] Disconnecting from voice normally, close code 1000.
[2023-01-13 00:50:13,703] INFO [discord.client.run:709] Received signal to terminate bot and event loop.
[2023-01-13 00:50:13,703] INFO [discord.client.run:712] Cleaning up tasks.
[2023-01-13 00:50:13,703] INFO [discord.client._cancel_tasks:86] Cleaning up after 1 tasks.
[2023-01-13 00:50:13,844] INFO [discord.client._cancel_tasks:91] All tasks finished cancelling.
[2023-01-13 00:50:13,844] INFO [discord.client._cleanup_loop:111] Closing the event loop.
